#
# There is insufficient memory for the Java Runtime Environment to continue.
# Native memory allocation (mmap) failed to map 65011712 bytes for G1 virtual space
# Possible reasons:
#   The system is out of physical RAM or swap space
#   The process is running with CompressedOops enabled, and the Java Heap may be blocking the growth of the native heap
# Possible solutions:
#   Reduce memory load on the system
#   Increase physical memory or swap space
#   Check if swap backing store is full
#   Decrease Java heap size (-Xmx/-Xms)
#   Decrease number of Java threads
#   Decrease Java thread stack sizes (-Xss)
#   Set larger code cache with -XX:ReservedCodeCacheSize=
#   JVM is running with Unscaled Compressed Oops mode in which the Java heap is
#     placed in the first 4GB address space. The Java Heap base address is the
#     maximum limit for the native heap growth. Please use -XX:HeapBaseMinAddress
#     to set the Java Heap base and to place the Java Heap above 4GB virtual address.
# This output file may be truncated or incomplete.
#
#  Out of Memory Error (os_windows.cpp:3530), pid=8060, tid=2840
#
# JRE version:  (18.0.1.1+2) (build )
# Java VM: Java HotSpot(TM) 64-Bit Server VM (18.0.1.1+2-6, mixed mode, sharing, tiered, compressed oops, compressed class ptrs, g1 gc, windows-amd64)
# No core dump will be written. Minidumps are not enabled by default on client versions of Windows
#

---------------  S U M M A R Y ------------

Command Line: com.mycompany.produtos.Produtos

Host: Intel(R) Atom(TM) x5-Z8330  CPU @ 1.44GHz, 4 cores, 3G,  Windows 10 , 64 bit Build 19041 (10.0.19041.1889)
Time: Sun Aug 14 18:59:54 2022 Hora oficial do Brasil elapsed time: 0.095412 seconds (0d 0h 0m 0s)

---------------  T H R E A D  ---------------

Current thread (0x0000020fc58160b0):  JavaThread "Unknown thread" [_thread_in_vm, id=2840, stack(0x000000c303500000,0x000000c303600000)]

Stack: [0x000000c303500000,0x000000c303600000]
Native frames: (J=compiled Java code, j=interpreted, Vv=VM code, C=native code)
V  [jvm.dll+0x69887a]
V  [jvm.dll+0x7f38bd]
V  [jvm.dll+0x7f51ce]
V  [jvm.dll+0x7f5883]
V  [jvm.dll+0x25ca3f]
V  [jvm.dll+0x6957c9]
V  [jvm.dll+0x68a2fa]
V  [jvm.dll+0x321efb]
V  [jvm.dll+0x3298d6]
V  [jvm.dll+0x37e47e]
V  [jvm.dll+0x37e6af]
V  [jvm.dll+0x2f9c7a]
V  [jvm.dll+0x2facdd]
V  [jvm.dll+0x7c24f0]
V  [jvm.dll+0x38b801]
V  [jvm.dll+0x7a1203]
V  [jvm.dll+0x40d6bf]
V  [jvm.dll+0x40f091]
C  [jli.dll+0x526b]
C  [ucrtbase.dll+0x21bb2]
C  [KERNEL32.DLL+0x17034]
C  [ntdll.dll+0x52651]


---------------  P R O C E S S  ---------------

Threads class SMR info:
_java_thread_list=0x00007ff9e032d550, length=0, elements={
}

Java Threads: ( => current thread )

Other Threads:
  0x0000020fc58564f0 WorkerThread "GC Thread#0" [stack: 0x000000c303600000,0x000000c303700000] [id=9468]
  0x0000020fc585f5f0 ConcurrentGCThread "G1 Main Marker" [stack: 0x000000c303700000,0x000000c303800000] [id=7892]
  0x0000020fc585ffe0 WorkerThread "G1 Conc#0" [stack: 0x000000c303800000,0x000000c303900000] [id=9080]

[error occurred during error reporting (printing all threads), id 0xc0000005, EXCEPTION_ACCESS_VIOLATION (0xc0000005) at pc=0x00007ff9dfb5a217]

VM state: not at safepoint (not fully initialized)

VM Mutex/Monitor currently owned by a thread:  ([mutex/lock_event])
[0x0000020fc5814300] Heap_lock - owner thread: 0x0000020fc58160b0

Heap address: 0x00000000c2200000, size: 990 MB, Compressed Oops mode: 32-bit

CDS archive(s) mapped at: [0x0000000000000000-0x0000000000000000-0x0000000000000000), size 0, SharedBaseAddress: 0x0000000800000000, ArchiveRelocationMode: 0.
Narrow klass base: 0x0000000000000000, Narrow klass shift: 0, Narrow klass range: 0x0

GC Precious Log:
 CardTable entry size: 512
 Card Set container configuration: InlinePtr #cards 5 size 8 Array Of Cards #cards 12 size 40 Howl #buckets 4 coarsen threshold 1843 Howl Bitmap #cards 512 size 80 coarsen threshold 460 Card regions per heap region 1 cards per card region 2048

Heap:
 garbage-first heap   total 0K, used 0K [0x00000000c2200000, 0x0000000100000000)
  region size 1024K, 0 young (0K), 0 survivors (0K)

[error occurred during error reporting (printing heap information), id 0xc0000005, EXCEPTION_ACCESS_VIOLATION (0xc0000005) at pc=0x00007ff9dff40cb9]

GC Heap History (0 events):
No events

Deoptimization events (0 events):
No events

Classes loaded (0 events):
No events

Classes unloaded (0 events):
No events

Classes redefined (0 events):
No events

Internal exceptions (0 events):
No events

VM Operations (0 events):
No events

Events (1 events):
Event: 0.049 Loaded shared library C:\Program Files\Java\jdk-18.0.1.1\bin\java.dll


Dynamic libraries:
0x00007ff779ab0000 - 0x00007ff779ac0000 	C:\Program Files\Java\jdk-18.0.1.1\bin\java.exe
0x00007ffa32a70000 - 0x00007ffa32c68000 	C:\Windows\SYSTEM32\ntdll.dll
0x00007ffa32000000 - 0x00007ffa320bd000 	C:\Windows\System32\KERNEL32.DLL
0x00007ffa30800000 - 0x00007ffa30ace000 	C:\Windows\System32\KERNELBASE.dll
0x00007ffa30230000 - 0x00007ffa30330000 	C:\Windows\System32\ucrtbase.dll
0x00007ffa24f10000 - 0x00007ffa24f2a000 	C:\Program Files\Java\jdk-18.0.1.1\bin\VCRUNTIME140.dll
0x00007ffa2b9c0000 - 0x00007ffa2b9d8000 	C:\Program Files\Java\jdk-18.0.1.1\bin\jli.dll
0x00007ffa30dd0000 - 0x00007ffa30e7e000 	C:\Windows\System32\ADVAPI32.dll
0x00007ffa312d0000 - 0x00007ffa3136e000 	C:\Windows\System32\msvcrt.dll
0x00007ffa30b70000 - 0x00007ffa30c0c000 	C:\Windows\System32\sechost.dll
0x00007ffa314b0000 - 0x00007ffa315d5000 	C:\Windows\System32\RPCRT4.dll
0x00007ffa32530000 - 0x00007ffa326d0000 	C:\Windows\System32\USER32.dll
0x00007ffa30200000 - 0x00007ffa30222000 	C:\Windows\System32\win32u.dll
0x00007ffa30f90000 - 0x00007ffa30fba000 	C:\Windows\System32\GDI32.dll
0x00007ffa305b0000 - 0x00007ffa306bb000 	C:\Windows\System32\gdi32full.dll
0x00007ffa20f80000 - 0x00007ffa2121a000 	C:\Windows\WinSxS\amd64_microsoft.windows.common-controls_6595b64144ccf1df_6.0.19041.1110_none_60b5254171f9507e\COMCTL32.dll
0x00007ffa30490000 - 0x00007ffa3052d000 	C:\Windows\System32\msvcp_win.dll
0x00007ffa20d10000 - 0x00007ffa20d1a000 	C:\Windows\SYSTEM32\VERSION.dll
0x00007ffa30b40000 - 0x00007ffa30b70000 	C:\Windows\System32\IMM32.DLL
0x00007ffa2b910000 - 0x00007ffa2b91c000 	C:\Program Files\Java\jdk-18.0.1.1\bin\vcruntime140_1.dll
0x00007ffa0bf60000 - 0x00007ffa0bfed000 	C:\Program Files\Java\jdk-18.0.1.1\bin\msvcp140.dll
0x00007ff9df850000 - 0x00007ff9e0460000 	C:\Program Files\Java\jdk-18.0.1.1\bin\server\jvm.dll
0x00007ffa31020000 - 0x00007ffa31028000 	C:\Windows\System32\PSAPI.DLL
0x00007ffa1f1b0000 - 0x00007ffa1f1b9000 	C:\Windows\SYSTEM32\WSOCK32.dll
0x00007ffa30ad0000 - 0x00007ffa30b3b000 	C:\Windows\System32\WS2_32.dll
0x00007ffa0d960000 - 0x00007ffa0d987000 	C:\Windows\SYSTEM32\WINMM.dll
0x00007ffa2e030000 - 0x00007ffa2e042000 	C:\Windows\SYSTEM32\kernel.appcore.dll
0x00007ffa2a600000 - 0x00007ffa2a60a000 	C:\Program Files\Java\jdk-18.0.1.1\bin\jimage.dll
0x00007ffa1b1f0000 - 0x00007ffa1b3d4000 	C:\Windows\SYSTEM32\DBGHELP.DLL
0x00007ffa1b1c0000 - 0x00007ffa1b1ec000 	C:\Windows\SYSTEM32\dbgcore.DLL
0x00007ffa30770000 - 0x00007ffa307f2000 	C:\Windows\System32\bcryptPrimitives.dll
0x00007ffa144b0000 - 0x00007ffa144d5000 	C:\Program Files\Java\jdk-18.0.1.1\bin\java.dll

dbghelp: loaded successfully - version: 4.0.5 - missing functions: none
symbol engine: initialized successfully - sym options: 0x614 - pdb path: .;C:\Program Files\Java\jdk-18.0.1.1\bin;C:\Windows\SYSTEM32;C:\Windows\WinSxS\amd64_microsoft.windows.common-controls_6595b64144ccf1df_6.0.19041.1110_none_60b5254171f9507e;C:\Program Files\Java\jdk-18.0.1.1\bin\server

VM Arguments:
java_command: com.mycompany.produtos.Produtos
java_class_path (initial): C:\Users\Alessandra\Documents\NetBeansProjects\Produtos\target\classes;C:\Users\Alessandra\.m2\repository\org\ektorp\org.ektorp\1.4.4\org.ektorp-1.4.4.jar;C:\Users\Alessandra\.m2\repository\org\apache\httpcomponents\httpclient\4.3\httpclient-4.3.jar;C:\Users\Alessandra\.m2\repository\org\apache\httpcomponents\httpcore\4.3\httpcore-4.3.jar;C:\Users\Alessandra\.m2\repository\commons-codec\commons-codec\1.6\commons-codec-1.6.jar;C:\Users\Alessandra\.m2\repository\org\apache\httpcomponents\httpclient-cache\4.3\httpclient-cache-4.3.jar;C:\Users\Alessandra\.m2\repository\commons-io\commons-io\2.0.1\commons-io-2.0.1.jar;C:\Users\Alessandra\.m2\repository\org\slf4j\slf4j-api\1.6.4\slf4j-api-1.6.4.jar;C:\Users\Alessandra\.m2\repository\org\slf4j\jcl-over-slf4j\1.6.4\jcl-over-slf4j-1.6.4.jar;C:\Users\Alessandra\.m2\repository\com\fasterxml\jackson\core\jackson-annotations\2.3.3\jackson-annotations-2.3.3.jar;C:\Users\Alessandra\.m2\repository\com\fasterxml\jackson\core\jackson-core\2.3.3\jackson-core-2.3.3.jar;C:\Users\Alessandra\.m2\repository\com\fasterxml\jackson\core\jackson-databind\2.3.3\jackson-databind-2.3.3.jar;C:\Users\Alessandra\.m2\repository\net\sourceforge\findbugs\annotations\1.3.2\annotations-1.3.2.jar;C:\Users\Alessandra\.m2\repository\org\json\json\20220320\json-20220320.jar
Launcher Type: SUN_STANDARD

[Global flags]
     intx CICompilerCount                          = 3                                         {product} {ergonomic}
     uint ConcGCThreads                            = 1                                         {product} {ergonomic}
     uint G1ConcRefinementThreads                  = 4                                         {product} {ergonomic}
   size_t G1HeapRegionSize                         = 1048576                                   {product} {ergonomic}
    uintx GCDrainStackTargetSize                   = 64                                        {product} {ergonomic}
   size_t InitialHeapSize                          = 65011712                                  {product} {ergonomic}
   size_t MarkStackSize                            = 4194304                                   {product} {ergonomic}
   size_t MaxHeapSize                              = 1038090240                                {product} {ergonomic}
   size_t MinHeapDeltaBytes                        = 1048576                                   {product} {ergonomic}
   size_t MinHeapSize                              = 8388608                                   {product} {ergonomic}
    uintx NonNMethodCodeHeapSize                   = 5832780                                {pd product} {ergonomic}
    uintx NonProfiledCodeHeapSize                  = 122912730                              {pd product} {ergonomic}
    uintx ProfiledCodeHeapSize                     = 122912730                              {pd product} {ergonomic}
    uintx ReservedCodeCacheSize                    = 251658240                              {pd product} {ergonomic}
     bool SegmentedCodeCache                       = true                                      {product} {ergonomic}
   size_t SoftMaxHeapSize                          = 1038090240                             {manageable} {ergonomic}
     bool UseCompressedClassPointers               = true                           {product lp64_product} {ergonomic}
     bool UseCompressedOops                        = true                           {product lp64_product} {ergonomic}
     bool UseG1GC                                  = true                                      {product} {ergonomic}
     bool UseLargePagesIndividualAllocation        = false                                  {pd product} {ergonomic}

Logging:
Log output configuration:
 #0: stdout all=warning uptime,level,tags foldmultilines=false
 #1: stderr all=off uptime,level,tags foldmultilines=false

Environment Variables:
JAVA_HOME=C:\Program Files\Java\jdk-18.0.1.1
PATH=C:\Program Files\Common Files\Oracle\Java\javapath;C:\Program Files (x86)\Common Files\Oracle\Java\javapath;C:\Python310\Scripts\;C:\Python310\;C:\Windows\system32;C:\Windows;C:\Windows\System32\Wbem;C:\Windows\System32\WindowsPowerShell\v1.0\;C:\Windows\System32\OpenSSH\;C:\Program Files\dotnet\;C:\ProgramData\chocolatey\bin;C:\Users\Alessandra\AppData\Local\Programs\Python\Python39\Scripts\;C:\Program Files\nodejs\;D:\Git\cmd;D:\Git\bin\bash.exe;C:\MinGW\bin;C:\Users\Alessandra\AppData\Local\Programs\Python\Python36\Scripts\;C:\Users\Alessandra\AppData\Local\Programs\Python\Python36\;C:\Users\Alessandra\AppData\Local\Microsoft\WindowsApps;D:\PyCharm Community Edition 2022.1\bin;;D:\IntelliJ IDEA 2022.2\bin;;C:\Users\Alessandra\AppData\Roaming\npm;C:\Users\Alessandra\Desktop\Hyper\resources\bin;C:\Users\Alessandra\AppData\Local\Programs\Hyper\resources\bin;D:\Git\bin\bash.exe;C:\MinGW\bin;C:\Users\Alessandra\AppData\Local\Programs\Microsoft VS Code\bin;C:\Program Files\Java\jdk-18.0.1.1\bin;
USERNAME=Alessandra
OS=Windows_NT
PROCESSOR_IDENTIFIER=Intel64 Family 6 Model 76 Stepping 4, GenuineIntel



---------------  S Y S T E M  ---------------

OS:
 Windows 10 , 64 bit Build 19041 (10.0.19041.1889)
OS uptime: 0 days 5:56 hours
Hyper-V role detected

CPU: total 4 (initial active 4) (4 cores per cpu, 1 threads per core) family 6 model 76 stepping 4 microcode 0x411, cx8, cmov, fxsr, mmx, 3dnowpref, sse, sse2, sse3, ssse3, sse4.1, sse4.2, popcnt, tsc, tscinvbit, aes, erms, clmul, clflush, hv

Memory: 4k page, system-wide physical 3956M (522M free)
TotalPageFile size 6732M (AvailPageFile size 56M)
current process WorkingSet (physical memory assigned to process): 10M, peak: 10M
current process commit charge ("private bytes"): 51M, peak: 113M

vm_info: Java HotSpot(TM) 64-Bit Server VM (18.0.1.1+2-6) for windows-amd64 JRE (18.0.1.1+2-6), built on Apr 25 2022 21:53:15 by "mach5one" with MS VC++ 16.8 / 16.9 (VS2019)

END.
